<?xml version="1.0" encoding="UTF-8"?>
<!-- Generated by org.testng.reporters.JUnitReportReporter -->
<testsuite hostname="DESKTOP-KCJU303" failures="0" tests="1" name="com.xyzbank.qa.testcases.TC002_LoginTest" time="14.882" errors="0" timestamp="2024-03-07T01:46:59 PST" skipped="0">
  <testcase classname="com.xyzbank.qa.testcases.TC002_LoginTest" name="verifyLogin" time="14.882"/>
</testsuite> <!-- com.xyzbank.qa.testcases.TC002_LoginTest -->
