<?xml version="1.0" encoding="UTF-8"?>
<!-- Generated by org.testng.reporters.JUnitReportReporter -->
<testsuite hostname="DESKTOP-KCJU303" failures="0" tests="1" name="com.xyzbank.qa.testcases.TC001_HomepageTest" time="5.498" errors="0" timestamp="2024-03-07T01:20:17 PST" skipped="0">
  <testcase classname="com.xyzbank.qa.testcases.TC001_HomepageTest" name="homePageTest" time="5.498"/>
</testsuite> <!-- com.xyzbank.qa.testcases.TC001_HomepageTest -->
