<?xml version="1.0" encoding="UTF-8"?>
<!-- Generated by org.testng.reporters.JUnitReportReporter -->
<testsuite hostname="Prashant" failures="0" tests="1" name="com.xyzbank.qa.testcases.LoginTest" time="7.345" errors="0" timestamp="2024-03-10T22:54:09 IST" skipped="0">
  <testcase classname="com.xyzbank.qa.testcases.LoginTest" name="verifyLogin" time="7.345"/>
</testsuite> <!-- com.xyzbank.qa.testcases.LoginTest -->
