<?xml version="1.0" encoding="UTF-8"?>
<!-- Generated by org.testng.reporters.JUnitReportReporter -->
<testsuite hostname="DESKTOP-KCJU303" failures="0" tests="1" name="com.xyzbank.qa.testcases.TC004_OpenNewAccountTest" time="8.890" errors="0" timestamp="2024-03-07T01:20:17 PST" skipped="0">
  <testcase classname="com.xyzbank.qa.testcases.TC004_OpenNewAccountTest" name="createAccount" time="8.890"/>
</testsuite> <!-- com.xyzbank.qa.testcases.TC004_OpenNewAccountTest -->
