<?xml version="1.0" encoding="UTF-8"?>
<!-- Generated by org.testng.reporters.JUnitReportReporter -->
<testsuite hostname="Prashant" failures="0" tests="1" name="com.xyzbank.qa.testcases.OpenNewAccountTest" time="6.878" errors="0" timestamp="2024-03-10T22:55:39 IST" skipped="0">
  <testcase classname="com.xyzbank.qa.testcases.OpenNewAccountTest" name="createAccount" time="6.878"/>
</testsuite> <!-- com.xyzbank.qa.testcases.OpenNewAccountTest -->
