<?xml version="1.0" encoding="UTF-8"?>
<!-- Generated by org.testng.reporters.JUnitReportReporter -->
<testsuite hostname="DESKTOP-KCJU303" failures="0" tests="1" name="com.xyzbank.qa.testcases.TC005_SearchCustomerTest" time="10.620" errors="0" timestamp="2024-03-06T22:04:39 PST" skipped="0">
  <testcase classname="com.xyzbank.qa.testcases.TC005_SearchCustomerTest" name="verifySearch" time="10.620"/>
</testsuite> <!-- com.xyzbank.qa.testcases.TC005_SearchCustomerTest -->
